# JRE version: Java(TM) SE Runtime Environment (8.0_191-b12) (build 1.8.0_191-b12)
# Java VM: Java HotSpot(TM) Client VM (25.191-b12 mixed mode windows-x86 )
Heap:
 def new generation   total 45568K, used 11651K [0x05200000, 0x08370000, 0x0fca0000)
  eden space 40512K,  25% used [0x05200000, 0x05c03670, 0x07990000)
  from space 5056K,  27% used [0x07e80000, 0x07fdd5d0, 0x08370000)
  to   space 5056K,   0% used [0x07990000, 0x07990000, 0x07e80000)
 tenured generation   total 101140K, used 93180K [0x0fca0000, 0x15f65000, 0x25200000)
   the space 101140K,  92% used [0x0fca0000, 0x1579f2f8, 0x1579f400, 0x15f65000)
 Metaspace       used 20948K, capacity 21615K, committed 21632K, reserved 21888K
GC Heap History (10 events):
Event: 76.569 GC heap before
{Heap before GC invocations=15 (full 2):
 def new generation   total 45568K, used 40512K [0x05200000, 0x08370000, 0x0fca0000)
  eden space 40512K, 100% used [0x05200000, 0x07990000, 0x07990000)
  from space 5056K,   0% used [0x07990000, 0x07990000, 0x07e80000)
  to   space 5056K,   0% used [0x07e80000, 0x07e80000, 0x08370000)
 tenured generation   total 101140K, used 60683K [0x0fca0000, 0x15f65000, 0x25200000)
   the space 101140K,  59% used [0x0fca0000, 0x137e2c30, 0x137e2e00, 0x15f65000)
 Metaspace       used 20393K, capacity 21051K, committed 21120K, reserved 21888K
Event: 76.611 GC heap after
Heap after GC invocations=16 (full 2):
 def new generation   total 45568K, used 5056K [0x05200000, 0x08370000, 0x0fca0000)
  eden space 40512K,   0% used [0x05200000, 0x05200000, 0x07990000)
  from space 5056K, 100% used [0x07e80000, 0x08370000, 0x08370000)
  to   space 5056K,   0% used [0x07990000, 0x07990000, 0x07e80000)
 tenured generation   total 101140K, used 78950K [0x0fca0000, 0x15f65000, 0x25200000)
   the space 101140K,  78% used [0x0fca0000, 0x149b9920, 0x149b9a00, 0x15f65000)
 Metaspace       used 20393K, capacity 21051K, committed 21120K, reserved 21888K
}
Event: 180.539 GC heap before
{Heap before GC invocations=16 (full 2):
 def new generation   total 45568K, used 45568K [0x05200000, 0x08370000, 0x0fca0000)
  eden space 40512K, 100% used [0x05200000, 0x07990000, 0x07990000)
  from space 5056K, 100% used [0x07e80000, 0x08370000, 0x08370000)
  to   space 5056K,   0% used [0x07990000, 0x07990000, 0x07e80000)
 tenured generation   total 101140K, used 78950K [0x0fca0000, 0x15f65000, 0x25200000)
   the space 101140K,  78% used [0x0fca0000, 0x149b9920, 0x149b9a00, 0x15f65000)
 Metaspace       used 20825K, capacity 21477K, committed 21504K, reserved 21888K
Event: 180.566 GC heap after
Heap after GC invocations=17 (full 2):
 def new generation   total 45568K, used 5056K [0x05200000, 0x08370000, 0x0fca0000)
  eden space 40512K,   0% used [0x05200000, 0x05200000, 0x07990000)
  from space 5056K, 100% used [0x07990000, 0x07e80000, 0x07e80000)
  to   space 5056K,   0% used [0x07e80000, 0x07e80000, 0x08370000)
 tenured generation   total 101140K, used 88276K [0x0fca0000, 0x15f65000, 0x25200000)
   the space 101140K,  87% used [0x0fca0000, 0x152d5350, 0x152d5400, 0x15f65000)
 Metaspace       used 20825K, capacity 21477K, committed 21504K, reserved 21888K
}
Event: 361.593 GC heap before
{Heap before GC invocations=17 (full 2):
 def new generation   total 45568K, used 45568K [0x05200000, 0x08370000, 0x0fca0000)
  eden space 40512K, 100% used [0x05200000, 0x07990000, 0x07990000)
  from space 5056K, 100% used [0x07990000, 0x07e80000, 0x07e80000)
  to   space 5056K,   0% used [0x07e80000, 0x07e80000, 0x08370000)
 tenured generation   total 101140K, used 88276K [0x0fca0000, 0x15f65000, 0x25200000)
   the space 101140K,  87% used [0x0fca0000, 0x152d5350, 0x152d5400, 0x15f65000)
 Metaspace       used 20877K, capacity 21546K, committed 21632K, reserved 21888K
Event: 361.603 GC heap after
Heap after GC invocations=18 (full 2):
 def new generation   total 45568K, used 651K [0x05200000, 0x08370000, 0x0fca0000)
  eden space 40512K,   0% used [0x05200000, 0x05200000, 0x07990000)
  from space 5056K,  12% used [0x07e80000, 0x07f22dd0, 0x08370000)
  to   space 5056K,   0% used [0x07990000, 0x07990000, 0x07e80000)
 tenured generation   total 101140K, used 93180K [0x0fca0000, 0x15f65000, 0x25200000)
   the space 101140K,  92% used [0x0fca0000, 0x1579f2f8, 0x1579f400, 0x15f65000)
 Metaspace       used 20877K, capacity 21546K, committed 21632K, reserved 21888K
}
Event: 1027.298 GC heap before
{Heap before GC invocations=18 (full 2):
 def new generation   total 45568K, used 41163K [0x05200000, 0x08370000, 0x0fca0000)
  eden space 40512K, 100% used [0x05200000, 0x07990000, 0x07990000)
  from space 5056K,  12% used [0x07e80000, 0x07f22dd0, 0x08370000)
  to   space 5056K,   0% used [0x07990000, 0x07990000, 0x07e80000)
 tenured generation   total 101140K, used 93180K [0x0fca0000, 0x15f65000, 0x25200000)
   the space 101140K,  92% used [0x0fca0000, 0x1579f2f8, 0x1579f400, 0x15f65000)
 Metaspace       used 20947K, capacity 21615K, committed 21632K, reserved 21888K
Event: 1027.302 GC heap after
Heap after GC invocations=19 (full 2):
 def new generation   total 45568K, used 1167K [0x05200000, 0x08370000, 0x0fca0000)
  eden space 40512K,   0% used [0x05200000, 0x05200000, 0x07990000)
  from space 5056K,  23% used [0x07990000, 0x07ab3e28, 0x07e80000)
  to   space 5056K,   0% used [0x07e80000, 0x07e80000, 0x08370000)
 tenured generation   total 101140K, used 93180K [0x0fca0000, 0x15f65000, 0x25200000)
   the space 101140K,  92% used [0x0fca0000, 0x1579f2f8, 0x1579f400, 0x15f65000)
 Metaspace       used 20947K, capacity 21615K, committed 21632K, reserved 21888K
}
Event: 1463.521 GC heap before
{Heap before GC invocations=19 (full 2):
 def new generation   total 45568K, used 41679K [0x05200000, 0x08370000, 0x0fca0000)
  eden space 40512K, 100% used [0x05200000, 0x07990000, 0x07990000)
  from space 5056K,  23% used [0x07990000, 0x07ab3e28, 0x07e80000)
  to   space 5056K,   0% used [0x07e80000, 0x07e80000, 0x08370000)
 tenured generation   total 101140K, used 93180K [0x0fca0000, 0x15f65000, 0x25200000)
   the space 101140K,  92% used [0x0fca0000, 0x1579f2f8, 0x1579f400, 0x15f65000)
 Metaspace       used 20947K, capacity 21615K, committed 21632K, reserved 21888K
Event: 1463.525 GC heap after
Heap after GC invocations=20 (full 2):
 def new generation   total 45568K, used 1397K [0x05200000, 0x08370000, 0x0fca0000)
  eden space 40512K,   0% used [0x05200000, 0x05200000, 0x07990000)
  from space 5056K,  27% used [0x07e80000, 0x07fdd5d0, 0x08370000)
  to   space 5056K,   0% used [0x07990000, 0x07990000, 0x07e80000)
 tenured generation   total 101140K, used 93180K [0x0fca0000, 0x15f65000, 0x25200000)
   the space 101140K,  92% used [0x0fca0000, 0x1579f2f8, 0x1579f400, 0x15f65000)
 Metaspace       used 20947K, capacity 21615K, committed 21632K, reserved 21888K
}

